{
  "RSpec": {
    "coverage": {
      "/Users/tomasgarciamusic/Desktop/Makers/Week_3/rps-challenge/spec/computer_spec.rb": {
        "lines": [
          1,
          null,
          1,
          1,
          1,
          1,
          1,
          null,
          null,
          1,
          1,
          1,
          1,
          null,
          null,
          1,
          1,
          1,
          1,
          null,
          null
        ]
      },
      "/Users/tomasgarciamusic/Desktop/Makers/Week_3/rps-challenge/spec/features/choosing_attack_spec.rb": {
        "lines": [
          1,
          1,
          1,
          1,
          1,
          null,
          null
        ]
      },
      "/Users/tomasgarciamusic/Desktop/Makers/Week_3/rps-challenge/spec/features/entering_name_spec.rb": {
        "lines": [
          1,
          1,
          1,
          1,
          null,
          null
        ]
      },
      "/Users/tomasgarciamusic/Desktop/Makers/Week_3/rps-challenge/spec/features/try_again_spec.rb": {
        "lines": [
          1,
          1,
          1,
          1,
          1,
          1,
          null,
          null
        ]
      },
      "/Users/tomasgarciamusic/Desktop/Makers/Week_3/rps-challenge/spec/features/view_options_spec.rb": {
        "lines": [
          1,
          1,
          1,
          1,
          1,
          1,
          1,
          1,
          null,
          null
        ]
      },
      "/Users/tomasgarciamusic/Desktop/Makers/Week_3/rps-challenge/spec/game_spec.rb": {
        "lines": [
          1,
          null,
          1,
          1,
          1,
          1,
          1,
          1,
          null,
          null,
          null
        ]
      },
      "/Users/tomasgarciamusic/Desktop/Makers/Week_3/rps-challenge/spec/player_spec.rb": {
        "lines": [
          1,
          null,
          1,
          2,
          null,
          1,
          1,
          1,
          null,
          null,
          null
        ]
      }
    },
    "timestamp": 1638740376
  }
}
